<?xml version="1.0" encoding="UTF-8"?>
<testng-results ignored="0" total="1" passed="1" failed="0" skipped="0">
  <reporter-output>
  </reporter-output>
  <suite started-at="2024-07-03T16:30:17 IST" name="Default suite" finished-at="2024-07-03T16:30:27 IST" duration-ms="9974">
    <groups>
    </groups>
    <test started-at="2024-07-03T16:30:17 IST" name="Default test" finished-at="2024-07-03T16:30:27 IST" duration-ms="9974">
      <class name="View_Category_Products.TestCase18">
        <test-method is-config="true" signature="BeforeMethod()[pri:0, instance:View_Category_Products.TestCase18@36ebc363]" started-at="2024-07-03T16:30:13 IST" name="BeforeMethod" finished-at="2024-07-03T16:30:17 IST" duration-ms="3975" status="PASS">
          <reporter-output>
          </reporter-output>
        </test-method> <!-- BeforeMethod -->
        <test-method signature="test1()[pri:0, instance:View_Category_Products.TestCase18@36ebc363]" started-at="2024-07-03T16:30:17 IST" name="test1" finished-at="2024-07-03T16:30:27 IST" duration-ms="9862" status="PASS">
          <reporter-output>
          </reporter-output>
        </test-method> <!-- test1 -->
      </class> <!-- View_Category_Products.TestCase18 -->
    </test> <!-- Default test -->
  </suite> <!-- Default suite -->
</testng-results>
